{
  "numTotalTestSuites": 261,
  "numPassedTestSuites": 261,
  "numFailedTestSuites": 0,
  "numPendingTestSuites": 0,
  "numTotalTests": 620,
  "numPassedTests": 620,
  "numFailedTests": 0,
  "numPendingTests": 0,
  "numTodoTests": 0,
  "snapshot": {
    "added": 0,
    "failure": false,
    "filesAdded": 0,
    "filesRemoved": 0,
    "filesRemovedList": [],
    "filesUnmatched": 0,
    "filesUpdated": 0,
    "matched": 0,
    "total": 0,
    "unchecked": 0,
    "uncheckedKeysByFile": [],
    "unmatched": 0,
    "updated": 0,
    "didUpdate": false
  },
  "startTime": 1790004158356,
  "success": true,
  "testResults": [
    {
      "assertionResults": [
        {
          "ancestorTitles": ["calibration draft validation"],
          "fullName": "calibration draft validation rejects each incomplete interval draft field before persistence or generation",
          "status": "passed",
          "title": "rejects each incomplete interval draft field before persistence or generation",
          "duration": 177.1706999999999,
          "failureMessages": [],
          "meta": {},
          "tags": []
        },
        {
          "ancestorTitles": ["calibration draft validation"],
          "fullName": "calibration draft validation rejects each incomplete material draft field before persistence or generation",
          "status": "passed",
          "title": "rejects each incomplete material draft field before persistence or generation",
          "duration": 125.39930000000004,
          "failureMessages": [],
          "meta": {},
          "tags": []
        },
        {
          "ancestorTitles": ["calibration draft validation"],
          "fullName": "calibration draft validation rejects out-of-range interval speed even through direct submit",
          "status": "passed",
          "title": "rejects out-of-range interval speed even through direct submit",
          "duration": 27.116100000000188,
          "failureMessages": [],
          "meta": {},
          "tags": []
        },
        {
          "ancestorTitles": ["calibration draft validation"],
          "fullName": "calibration draft validation rejects out-of-range material speed even through direct submit",
          "status": "passed",
          "title": "rejects out-of-range material speed even through direct submit",
          "duration": 19.911799999999857,
          "failureMessages": [],
          "meta": {},
          "tags": []
        }
      ],
      "startTime": 1790004341411,
      "endTime": 1790004341760.9119,
      "status": "passed",
      "message": "",
      "name": "D:/LaserForge/ui-audit-20260921/src/ui/calibration/CalibrationDrafts.validation.test.tsx"
    },
    {
      "assertionResults": [
        {
          "ancestorTitles": ["IntervalTestDialog"],
          "fullName": "IntervalTestDialog renders interval controls and generates parsed options",
          "status": "passed",
          "title": "renders interval controls and generates parsed options",
          "duration": 138.97630000000004,
          "failureMessages": [],
          "meta": {},
          "tags": []
        },
        {
          "ancestorTitles": ["IntervalTestDialog"],
          "fullName": "IntervalTestDialog restores the last generated interval test settings",
          "status": "passed",
          "title": "restores the last generated interval test settings",
          "duration": 42.35500000000002,
          "failureMessages": [],
          "meta": {},
          "tags": []
        },
        {
          "ancestorTitles": ["IntervalTestDialog"],
          "fullName": "IntervalTestDialog closes on Escape",
          "status": "passed",
          "title": "closes on Escape",
          "duration": 14.321200000000317,
          "failureMessages": [],
          "meta": {},
          "tags": []
        }
      ],
      "startTime": 1790004399981,
      "endTime": 1790004400177.3213,
      "status": "passed",
      "message": "",
      "name": "D:/LaserForge/ui-audit-20260921/src/ui/calibration/IntervalTestDialog.test.tsx"
    },
    {
      "assertionResults": [
        {
          "ancestorTitles": ["MaterialTestDialog"],
          "fullName": "MaterialTestDialog renders grid controls and generates parsed options",
          "status": "passed",
          "title": "renders grid controls and generates parsed options",
          "duration": 218.92660000000024,
          "failureMessages": [],
          "meta": {},
          "tags": []
        },
        {
          "ancestorTitles": ["MaterialTestDialog"],
          "fullName": "MaterialTestDialog restores the last generated material test settings",
          "status": "passed",
          "title": "restores the last generated material test settings",
          "duration": 57.6896999999999,
          "failureMessages": [],
          "meta": {},
          "tags": []
        },
        {
          "ancestorTitles": ["MaterialTestDialog"],
          "fullName": "MaterialTestDialog closes on Escape",
          "status": "passed",
          "title": "closes on Escape",
          "duration": 34.10829999999987,
          "failureMessages": [],
          "meta": {},
          "tags": []
        }
      ],
      "startTime": 1790004397691,
      "endTime": 1790004398002.1084,
      "status": "passed",
      "message": "",
      "name": "D:/LaserForge/ui-audit-20260921/src/ui/calibration/MaterialTestDialog.test.tsx"
    },
    {
      "assertionResults": [
        {
          "ancestorTitles": ["ScanOffsetCalibrationDialog"],
          "fullName": "ScanOffsetCalibrationDialog renders scan-offset controls and generates parsed options",
          "status": "passed",
          "title": "renders scan-offset controls and generates parsed options",
          "duration": 81.2618,
          "failureMessages": [],
          "meta": {},
          "tags": []
        },
        {
          "ancestorTitles": ["ScanOffsetCalibrationDialog"],
          "fullName": "ScanOffsetCalibrationDialog generates a profile-corrected verification coupon when offsets exist",
          "status": "passed",
          "title": "generates a profile-corrected verification coupon when offsets exist",
          "duration": 26.42599999999993,
          "failureMessages": [],
          "meta": {},
          "tags": []
        },
        {
          "ancestorTitles": ["ScanOffsetCalibrationDialog"],
          "fullName": "ScanOffsetCalibrationDialog warns but still generates verification without measured offsets",
          "status": "passed",
          "title": "warns but still generates verification without measured offsets",
          "duration": 19.44380000000001,
          "failureMessages": [],
          "meta": {},
          "tags": []
        },
        {
          "ancestorTitles": ["ScanOffsetCalibrationDialog"],
          "fullName": "ScanOffsetCalibrationDialog warns instead of disabling when requested speed exceeds the profile ceiling",
          "status": "passed",
          "title": "warns instead of disabling when requested speed exceeds the profile ceiling",
          "duration": 15.225300000000061,
          "failureMessages": [],
          "meta": {},
          "tags": []
        }
      ],
      "startTime": 1790004346378,
      "endTime": 1790004346520.2253,
      "status": "passed",
      "message": "",
      "name": "D:/LaserForge/ui-audit-20260921/src/ui/calibration/ScanOffsetCalibrationDialog.test.tsx"
    },
    {
      "assertionResults": [
        {
          "ancestorTitles": ["AddCncBitForm"],
          "fullName": "AddCncBitForm requires a physical positive whole-number flute count",
          "status": "passed",
          "title": "requires a physical positive whole-number flute count",
          "duration": 123.16619999999966,
          "failureMessages": [],
          "meta": {},
          "tags": []
        },
        {
          "ancestorTitles": ["AddCncBitForm"],
          "fullName": "AddCncBitForm does not impose an artificial upper cap on a positive whole-number flute count",
          "status": "passed",
          "title": "does not impose an artificial upper cap on a positive whole-number flute count",
          "duration": 30.57639999999992,
          "failureMessages": [],
          "meta": {},
          "tags": []
        },
        {
          "ancestorTitles": ["AddCncBitForm"],
          "fullName": "AddCncBitForm does not prefill geometry or accept an angle-driven bit without its actual angle",
          "status": "passed",
          "title": "does not prefill geometry or accept an angle-driven bit without its actual angle",
          "duration": 53.54710000000023,
          "failureMessages": [],
          "meta": {},
          "tags": []
        },
        {
          "ancestorTitles": ["AddCncBitForm"],
          "fullName": "AddCncBitForm stores geometry and flute count in the Startup-owned bit definition",
          "status": "passed",
          "title": "stores geometry and flute count in the Startup-owned bit definition",
          "duration": 39.76369999999997,
          "failureMessages": [],
          "meta": {},
          "tags": []
        },
        {
          "ancestorTitles": ["AddCncBitForm — engraving tip flat"],
          "fullName": "AddCncBitForm — engraving tip flat offers the tip flat for an engraving bit only",
          "status": "passed",
          "title": "offers the tip flat for an engraving bit only",
          "duration": 33.00640000000021,
          "failureMessages": [],
          "meta": {},
          "tags": []
        },
        {
          "ancestorTitles": ["AddCncBitForm — engraving tip flat"],
          "fullName": "AddCncBitForm — engraving tip flat saves the entered tip flat on the custom tool",
          "status": "passed",
          "title": "saves the entered tip flat on the custom tool",
          "duration": 40.80269999999973,
          "failureMessages": [],
          "meta": {},
          "tags": []
        },
        {
          "ancestorTitles": ["AddCncBitForm — engraving tip flat"],
          "fullName": "AddCncBitForm — engraving tip flat leaves the tip flat absent when blank, so the bit stays a true point",
          "status": "passed",
          "title": "leaves the tip flat absent when blank, so the bit stays a true point",
          "duration": 30.753600000000006,
          "failureMessages": [],
          "meta": {},
          "tags": []
        },
        {
          "ancestorTitles": ["AddCncBitForm — engraving tip flat"],
          "fullName": "AddCncBitForm — engraving tip flat refuses a tip flat that reaches the cutter diameter",
          "status": "passed",
          "title": "refuses a tip flat that reaches the cutter diameter",
          "duration": 36.529199999999946,
          "failureMessages": [],
          "meta": {},
          "tags": []
        }
      ],
      "startTime": 1790004344851,
      "endTime": 1790004345240.5293,
      "status": "passed",
      "message": "",
      "name": "D:/LaserForge/ui-audit-20260921/src/ui/machine/AddCncBitForm.test.tsx"
    },
    {
      "assertionResults": [
        {
          "ancestorTitles": ["CncBitCatalogPanel"],
          "fullName": "CncBitCatalogPanel states the operator-matched envelope and automatic-feed boundary",
          "status": "passed",
          "title": "states the operator-matched envelope and automatic-feed boundary",
          "duration": 360.95589999999993,
          "failureMessages": [],
          "meta": {},
          "tags": []
        },
        {
          "ancestorTitles": ["CncBitCatalogPanel"],
          "fullName": "CncBitCatalogPanel labels family, representative-product, and exact-product source scopes",
          "status": "passed",
          "title": "labels family, representative-product, and exact-product source scopes",
          "duration": 325.3415,
          "failureMessages": [],
          "meta": {},
          "tags": []
        },
        {
          "ancestorTitles": ["CncBitCatalogPanel"],
          "fullName": "CncBitCatalogPanel keeps unsupported specialty cutters reference-only",
          "status": "passed",
          "title": "keeps unsupported specialty cutters reference-only",
          "duration": 266.5634,
          "failureMessages": [],
          "meta": {},
          "tags": []
        },
        {
          "ancestorTitles": ["CncBitCatalogPanel"],
          "fullName": "CncBitCatalogPanel adds a modeled bit once with its family and flute metadata",
          "status": "passed",
          "title": "adds a modeled bit once with its family and flute metadata",
          "duration": 167.0081,
          "failureMessages": [],
          "meta": {},
          "tags": []
        },
        {
          "ancestorTitles": ["CncBitCatalogPanel"],
          "fullName": "CncBitCatalogPanel keeps newly researched hybrid and knife contracts reference-only",
          "status": "passed",
          "title": "keeps newly researched hybrid and knife contracts reference-only",
          "duration": 176.0018,
          "failureMessages": [],
          "meta": {},
          "tags": []
        }
      ],
      "startTime": 1790004334358,
      "endTime": 1790004335654.0017,
      "status": "passed",
      "message": "",
      "name": "D:/LaserForge/ui-audit-20260921/src/ui/machine/CncBitCatalogPanel.test.tsx"
    },
    {
      "assertionResults": [
        {
          "ancestorTitles": ["CncDetectedSettingsRow (ADR-111)"],
          "fullName": "CncDetectedSettingsRow (ADR-111) renders nothing when no controller settings are present",
          "status": "passed",
          "title": "renders nothing when no controller settings are present",
          "duration": 29.630999999999858,
          "failureMessages": [],
          "meta": {},
          "tags": []
        },
        {
          "ancestorTitles": ["CncDetectedSettingsRow (ADR-111)"],
          "fullName": "CncDetectedSettingsRow (ADR-111) applies detected spindle max to params and bed to the device, not the stock",
          "status": "passed",
          "title": "applies detected spindle max to params and bed to the device, not the stock",
          "duration": 47.36249999999973,
          "failureMessages": [],
          "meta": {},
          "tags": []
        },
        {
          "ancestorTitles": ["CncDetectedSettingsRow (ADR-111)"],
          "fullName": "CncDetectedSettingsRow (ADR-111) applies a lower spindle ceiling and bed without rewriting manual layers",
          "status": "passed",
          "title": "applies a lower spindle ceiling and bed without rewriting manual layers",
          "duration": 23.70360000000028,
          "failureMessages": [],
          "meta": {},
          "tags": []
        },
        {
          "ancestorTitles": ["CncDetectedSettingsRow (ADR-111)"],
          "fullName": "CncDetectedSettingsRow (ADR-111) ignores detected $30 as a spindle ceiling while the controller is in laser mode",
          "status": "passed",
          "title": "ignores detected $30 as a spindle ceiling while the controller is in laser mode",
          "duration": 8.66229999999996,
          "failureMessages": [],
          "meta": {},
          "tags": []
        },
        {
          "ancestorTitles": ["CncDetectedSettingsRow (ADR-111)"],
          "fullName": "CncDetectedSettingsRow (ADR-111) copies configured travel without adopting an unselected CNC S scale as RPM",
          "status": "passed",
          "title": "copies configured travel without adopting an unselected CNC S scale as RPM",
          "duration": 9.990200000000186,
          "failureMessages": [],
          "meta": {},
          "tags": []
        },
        {
          "ancestorTitles": ["CncDetectedSettingsRow (ADR-111)"],
          "fullName": "CncDetectedSettingsRow (ADR-111) requires a new RPM mapping after reconnecting to a controller with the same S scale",
          "status": "passed",
          "title": "requires a new RPM mapping after reconnecting to a controller with the same S scale",
          "duration": 15.533500000000004,
          "failureMessages": [],
          "meta": {},
          "tags": []
        }
      ],
      "startTime": 1790004403944,
      "endTime": 1790004404079.5334,
      "status": "passed",
      "message": "",
      "name": "D:/LaserForge/ui-audit-20260921/src/ui/machine/CncDetectedSettingsRow.test.tsx"
    },
    {
      "assertionResults": [
        {
          "ancestorTitles": ["CncToolManager"],
          "fullName": "CncToolManager shows canonical stored geometry even when the custom name contains another size",
          "status": "passed",
          "title": "shows canonical stored geometry even when the custom name contains another size",
          "duration": 207.91719999999987,
          "failureMessages": [],
          "meta": {},
          "tags": []
        },
        {
          "ancestorTitles": ["CncToolManager"],
          "fullName": "CncToolManager puts canonical geometry before an incident-style long name and keeps the full label visible",
          "status": "passed",
          "title": "puts canonical geometry before an incident-style long name and keeps the full label visible",
          "duration": 271.8312999999998,
          "failureMessages": [],
          "meta": {},
          "tags": []
        },
        {
          "ancestorTitles": ["CncToolManager"],
          "fullName": "CncToolManager warns when deleting a custom bit changes the effective active cutter but retains manual values",
          "status": "passed",
          "title": "warns when deleting a custom bit changes the effective active cutter but retains manual values",
          "duration": 303.9572000000003,
          "failureMessages": [],
          "meta": {},
          "tags": []
        },
        {
          "ancestorTitles": ["CncToolManager"],
          "fullName": "CncToolManager warns when deleting a custom bit changes the effective layer override cutter but retains manual values",
          "status": "passed",
          "title": "warns when deleting a custom bit changes the effective layer override cutter but retains manual values",
          "duration": 320.79399999999987,
          "failureMessages": [],
          "meta": {},
          "tags": []
        },
        {
          "ancestorTitles": ["CncToolManager"],
          "fullName": "CncToolManager deletes the custom bit and clears active 'V-carve clearing' assignments",
          "status": "passed",
          "title": "deletes the custom bit and clears active 'V-carve clearing' assignments",
          "duration": 308.2782000000002,
          "failureMessages": [],
          "meta": {},
          "tags": []
        },
        {
          "ancestorTitles": ["CncToolManager"],
          "fullName": "CncToolManager deletes the custom bit and clears active 'relief finishing' assignments",
          "status": "passed",
          "title": "deletes the custom bit and clears active 'relief finishing' assignments",
          "duration": 233.79259999999977,
          "failureMessages": [],
          "meta": {},
          "tags": []
        },
        {
          "ancestorTitles": ["CncToolManager"],
          "fullName": "CncToolManager deletes the custom bit and clears active 'pocket roughing' assignments",
          "status": "passed",
          "title": "deletes the custom bit and clears active 'pocket roughing' assignments",
          "duration": 298.8188999999993,
          "failureMessages": [],
          "meta": {},
          "tags": []
        },
        {
          "ancestorTitles": ["CncToolManager"],
          "fullName": "CncToolManager deletes the bit and clears dormant 'vClearToolId' state",
          "status": "passed",
          "title": "deletes the bit and clears dormant 'vClearToolId' state",
          "duration": 212.96910000000025,
          "failureMessages": [],
          "meta": {},
          "tags": []
        },
        {
          "ancestorTitles": ["CncToolManager"],
          "fullName": "CncToolManager deletes the bit and clears dormant 'reliefFinishToolId' state",
          "status": "passed",
          "title": "deletes the bit and clears dormant 'reliefFinishToolId' state",
          "duration": 225.76609999999982,
          "failureMessages": [],
          "meta": {},
          "tags": []
        },
        {
          "ancestorTitles": ["CncToolManager"],
          "fullName": "CncToolManager deletes the bit and clears dormant 'pocketRoughToolId' state",
          "status": "passed",
          "title": "deletes the bit and clears dormant 'pocketRoughToolId' state",
          "duration": 214.89280000000053,
          "failureMessages": [],
          "meta": {},
          "tags": []
        }
      ],
      "startTime": 1790004281053,
      "endTime": 1790004283652.8928,
      "status": "passed",
      "message": "",
      "name": "D:/LaserForge/ui-audit-20260921/src/ui/machine/CncLibraryPanels.test.tsx"
    },
    {
      "assertionResults": [
        {
          "ancestorTitles": ["cncTilingDisclosure"],
          "fullName": "cncTilingDisclosure states ordinary requested overlap and both tile steps",
          "status": "passed",
          "title": "states ordinary requested overlap and both tile steps",
          "duration": 4.251800000000003,
          "failureMessages": [],
          "meta": {},
          "tags": []
        },
        {
          "ancestorTitles": ["cncTilingDisclosure"],
          "fullName": "cncTilingDisclosure states the scalar effective overlap without rewriting the saved request",
          "status": "passed",
          "title": "states the scalar effective overlap without rewriting the saved request",
          "duration": 0.8547000000000935,
          "failureMessages": [],
          "meta": {},
          "tags": []
        },
        {
          "ancestorTitles": ["cncTilingDisclosure"],
          "fullName": "cncTilingDisclosure persists effective geometry only after an explicit numeric edit",
          "status": "passed",
          "title": "persists effective geometry only after an explicit numeric edit",
          "duration": 0.7371000000000549,
          "failureMessages": [],
          "meta": {},
          "tags": []
        },
        {
          "ancestorTitles": ["cncTilingDisclosure"],
          "fullName": "cncTilingDisclosure persists effective overlap after any valid numeric tile-height edit",
          "status": "passed",
          "title": "persists effective overlap after any valid numeric tile-height edit",
          "duration": 19.045299999999997,
          "failureMessages": [],
          "meta": {},
          "tags": []
        },
        {
          "ancestorTitles": ["cncTilingDisclosure"],
          "fullName": "cncTilingDisclosure preserves loaded overlap after any registration-only edit",
          "status": "passed",
          "title": "preserves loaded overlap after any registration-only edit",
          "duration": 19.388500000000022,
          "failureMessages": [],
          "meta": {},
          "tags": []
        },
        {
          "ancestorTitles": ["cncTilingDisclosure"],
          "fullName": "cncTilingDisclosure does not present accepted tiny positive legacy geometry as zero",
          "status": "passed",
          "title": "does not present accepted tiny positive legacy geometry as zero",
          "duration": 2.2143999999998414,
          "failureMessages": [],
          "meta": {},
          "tags": []
        }
      ],
      "startTime": 1790004580326,
      "endTime": 1790004580373.2144,
      "status": "passed",
      "message": "",
      "name": "D:/LaserForge/ui-audit-20260921/src/ui/machine/CncTilingDisclosure.test.tsx"
    },
    {
      "assertionResults": [
        {
          "ancestorTitles": ["CncToolOptions grouping"],
          "fullName": "CncToolOptions grouping uses stable family order while preserving tool order inside a family",
          "status": "passed",
          "title": "uses stable family order while preserving tool order inside a family",
          "duration": 3.4197000000000344,
          "failureMessages": [],
          "meta": {},
          "tags": []
        },
        {
          "ancestorTitles": ["CncToolOptions grouping"],
          "fullName": "CncToolOptions grouping falls back from legacy kind and labels unknown custom families honestly",
          "status": "passed",
          "title": "falls back from legacy kind and labels unknown custom families honestly",
          "duration": 0.765299999999911,
          "failureMessages": [],
          "meta": {},
          "tags": []
        }
      ],
      "startTime": 1790004652684,
      "endTime": 1790004652687.7654,
      "status": "passed",
      "message": "",
      "name": "D:/LaserForge/ui-audit-20260921/src/ui/machine/CncToolOptions.test.tsx"
    },
    {
      "assertionResults": [
        {
          "ancestorTitles": ["CncToolPicture"],
          "fullName": "CncToolPicture mounts only the requested photo, unmounts on close, and leaves project and tool state intact",
          "status": "passed",
          "title": "mounts only the requested photo, unmounts on close, and leaves project and tool state intact",
          "duration": 102.11070000000018,
          "failureMessages": [],
          "meta": {},
          "tags": []
        },
        {
          "ancestorTitles": ["CncToolPicture"],
          "fullName": "CncToolPicture retains teaching after an image failure and recovers when the selected family changes",
          "status": "passed",
          "title": "retains teaching after an image failure and recovers when the selected family changes",
          "duration": 22.610599999999977,
          "failureMessages": [],
          "meta": {},
          "tags": []
        },
        {
          "ancestorTitles": ["CncToolPicture"],
          "fullName": "CncToolPicture shows the new custom bit kind after selection without filling dimensions or saving a tool",
          "status": "passed",
          "title": "shows the new custom bit kind after selection without filling dimensions or saving a tool",
          "duration": 66.94710000000032,
          "failureMessages": [],
          "meta": {},
          "tags": []
        },
        {
          "ancestorTitles": ["CncToolPicture"],
          "fullName": "CncToolPicture does not load the catalog pictures until a family is expanded",
          "status": "passed",
          "title": "does not load the catalog pictures until a family is expanded",
          "duration": 436.67869999999994,
          "failureMessages": [],
          "meta": {},
          "tags": []
        }
      ],
      "startTime": 1790004338845,
      "endTime": 1790004339473.6787,
      "status": "passed",
      "message": "",
      "name": "D:/LaserForge/ui-audit-20260921/src/ui/machine/CncToolPicture.test.tsx"
    },
    {
      "assertionResults": [
        {
          "ancestorTitles": ["MachineModeToggle machine capability"],
          "fullName": "MachineModeToggle machine capability keeps CNC available and warns for a laser-only-labelled profile",
          "status": "passed",
          "title": "keeps CNC available and warns for a laser-only-labelled profile",
          "duration": 57.513800000000174,
          "failureMessages": [],
          "meta": {},
          "tags": []
        },
        {
          "ancestorTitles": ["MachineModeToggle machine capability"],
          "fullName": "MachineModeToggle machine capability keeps Laser available and warns for a CNC-only-labelled profile",
          "status": "passed",
          "title": "keeps Laser available and warns for a CNC-only-labelled profile",
          "duration": 8.752500000000055,
          "failureMessages": [],
          "meta": {},
          "tags": []
        },
        {
          "ancestorTitles": ["MachineModeToggle machine capability"],
          "fullName": "MachineModeToggle machine capability enables both modes on a hybrid profile and restores its CNC contract",
          "status": "passed",
          "title": "enables both modes on a hybrid profile and restores its CNC contract",
          "duration": 6.823800000000119,
          "failureMessages": [],
          "meta": {},
          "tags": []
        }
      ],
      "startTime": 1790004527093,
      "endTime": 1790004527165.8237,
      "status": "passed",
      "message": "",
      "name": "D:/LaserForge/ui-audit-20260921/src/ui/machine/MachineModeToggle.hybrid.test.tsx"
    },
    {
      "assertionResults": [
        {
          "ancestorTitles": ["SurfacingPanel stock tracking"],
          "fullName": "SurfacingPanel stock tracking re-prefills the facing area when the stock footprint changes",
          "status": "passed",
          "title": "re-prefills the facing area when the stock footprint changes",
          "duration": 125.39219999999978,
          "failureMessages": [],
          "meta": {},
          "tags": []
        },
        {
          "ancestorTitles": ["SurfacingPanel stock tracking"],
          "fullName": "SurfacingPanel stock tracking drops a manual area override when an equal-footprint project replaces the document",
          "status": "passed",
          "title": "drops a manual area override when an equal-footprint project replaces the document",
          "duration": 46.69939999999997,
          "failureMessages": [],
          "meta": {},
          "tags": []
        },
        {
          "ancestorTitles": ["SurfacingPanel save path"],
          "fullName": "SurfacingPanel save path writes a preflighted provenance file with safe-Z before M3 and capped feeds",
          "status": "passed",
          "title": "writes a preflighted provenance file with safe-Z before M3 and capped feeds",
          "duration": 105.45379999999977,
          "failureMessages": [],
          "meta": {},
          "tags": []
        },
        {
          "ancestorTitles": ["SurfacingPanel save path"],
          "fullName": "SurfacingPanel save path discloses requested and represented shallow depth in the file and success toast",
          "status": "passed",
          "title": "discloses requested and represented shallow depth in the file and success toast",
          "duration": 94.93419999999969,
          "failureMessages": [],
          "meta": {},
          "tags": []
        },
        {
          "ancestorTitles": ["SurfacingPanel save path"],
          "fullName": "SurfacingPanel save path saves with a warning instead of refusing when a no-go zone is enabled",
          "status": "passed",
          "title": "saves with a warning instead of refusing when a no-go zone is enabled",
          "duration": 107.48340000000007,
          "failureMessages": [],
          "meta": {},
          "tags": []
        },
        {
          "ancestorTitles": ["SurfacingPanel save path"],
          "fullName": "SurfacingPanel save path states the no-go-zone finding even when the picker is cancelled",
          "status": "passed",
          "title": "states the no-go-zone finding even when the picker is cancelled",
          "duration": 82.23779999999988,
          "failureMessages": [],
          "meta": {},
          "tags": []
        },
        {
          "ancestorTitles": ["SurfacingPanel save path"],
          "fullName": "SurfacingPanel save path states the no-dump controller assumption while still saving surfacing G-code",
          "status": "passed",
          "title": "states the no-dump controller assumption while still saving surfacing G-code",
          "duration": 72.9722999999999,
          "failureMessages": [],
          "meta": {},
          "tags": []
        },
        {
          "ancestorTitles": ["SurfacingPanel save path"],
          "fullName": "SurfacingPanel save path reports ok===false for a finding that is advisory, not compile integrity",
          "status": "passed",
          "title": "reports ok===false for a finding that is advisory, not compile integrity",
          "duration": 2.3547999999996136,
          "failureMessages": [],
          "meta": {},
          "tags": []
        }
      ],
      "startTime": 1790004349581,
      "endTime": 1790004350220.3547,
      "status": "passed",
      "message": "",
      "name": "D:/LaserForge/ui-audit-20260921/src/ui/machine/SurfacingPanel.test.tsx"
    },
    {
      "assertionResults": [
        {
          "ancestorTitles": ["AutofocusEditor"],
          "fullName": "AutofocusEditor offers only presets that the single-line autofocus runner can execute",
          "status": "passed",
          "title": "offers only presets that the single-line autofocus runner can execute",
          "duration": 43.66330000000005,
          "failureMessages": [],
          "meta": {},
          "tags": []
        }
      ],
      "startTime": 1790004672422,
      "endTime": 1790004672465.6633,
      "status": "passed",
      "message": "",
      "name": "D:/LaserForge/ui-audit-20260921/src/ui/laser/AutofocusEditor.test.tsx"
    },
    {
      "assertionResults": [
        {
          "ancestorTitles": ["CheckpointResumeBanner"],
          "fullName": "CheckpointResumeBanner shows an isolated, collapsed recovery card without a Start blocker",
          "status": "passed",
          "title": "shows an isolated, collapsed recovery card without a Start blocker",
          "duration": 72.58300000000008,
          "failureMessages": [],
          "meta": {},
          "tags": []
        },
        {
          "ancestorTitles": ["CheckpointResumeBanner"],
          "fullName": "CheckpointResumeBanner renders nothing when no interrupted capsule is saved",
          "status": "passed",
          "title": "renders nothing when no interrupted capsule is saved",
          "duration": 2.1381999999998698,
          "failureMessages": [],
          "meta": {},
          "tags": []
        },
        {
          "ancestorTitles": ["CheckpointResumeBanner"],
          "fullName": "CheckpointResumeBanner opens and closes review without mutating the repository or either live store",
          "status": "passed",
          "title": "opens and closes review without mutating the repository or either live store",
          "duration": 50.92000000000007,
          "failureMessages": [],
          "meta": {},
          "tags": []
        },
        {
          "ancestorTitles": ["CheckpointResumeBanner"],
          "fullName": "CheckpointResumeBanner discards only the selected recovery capsule after confirmation",
          "status": "passed",
          "title": "discards only the selected recovery capsule after confirmation",
          "duration": 84.34970000000021,
          "failureMessages": [],
          "meta": {},
          "tags": []
        },
        {
          "ancestorTitles": ["CheckpointResumeBanner"],
          "fullName": "CheckpointResumeBanner disables both recovery actions while the controller rail is busy",
          "status": "passed",
          "title": "disables both recovery actions while the controller rail is busy",
          "duration": 15.353900000000067,
          "failureMessages": [],
          "meta": {},
          "tags": []
        },
        {
          "ancestorTitles": ["CheckpointResumeBanner"],
          "fullName": "CheckpointResumeBanner hides the card while a live job owns the controller",
          "status": "passed",
          "title": "hides the card while a live job owns the controller",
          "duration": 10.610299999999825,
          "failureMessages": [],
          "meta": {},
          "tags": []
        },
        {
          "ancestorTitles": ["CheckpointResumeBanner"],
          "fullName": "CheckpointResumeBanner keeps Review disabled while a recovery claim lease is active",
          "status": "passed",
          "title": "keeps Review disabled while a recovery claim lease is active",
          "duration": 20.482400000000325,
          "failureMessages": [],
          "meta": {},
          "tags": []
        },
        {
          "ancestorTitles": ["CheckpointResumeBanner"],
          "fullName": "CheckpointResumeBanner re-enables Review once the recovery claim lease has expired",
          "status": "passed",
          "title": "re-enables Review once the recovery claim lease has expired",
          "duration": 21.86929999999984,
          "failureMessages": [],
          "meta": {},
          "tags": []
        },
        {
          "ancestorTitles": ["CheckpointResumeBanner"],
          "fullName": "CheckpointResumeBanner does not offer the older capsule while a newer Start handoff is pending",
          "status": "passed",
          "title": "does not offer the older capsule while a newer Start handoff is pending",
          "duration": 14.91459999999961,
          "failureMessages": [],
          "meta": {},
          "tags": []
        }
      ],
      "startTime": 1790004319514,
      "endTime": 1790004319809.9146,
      "status": "passed",
      "message": "",
      "name": "D:/LaserForge/ui-audit-20260921/src/ui/laser/CheckpointResumeBanner.test.tsx"
    },
    {
      "assertionResults": [
        {
          "ancestorTitles": ["CncPassRecoveryWizard"],
          "fullName": "CncPassRecoveryWizard shows extraction guidance and preselects the computed default boundary",
          "status": "passed",
          "title": "shows extraction guidance and preselects the computed default boundary",
          "duration": 78.5965000000001,
          "failureMessages": [],
          "meta": {},
          "tags": []
        },
        {
          "ancestorTitles": ["CncPassRecoveryWizard"],
          "fullName": "CncPassRecoveryWizard keeps Start disabled until the operator explicitly picks a position option",
          "status": "passed",
          "title": "keeps Start disabled until the operator explicitly picks a position option",
          "duration": 38.68489999999974,
          "failureMessages": [],
          "meta": {},
          "tags": []
        },
        {
          "ancestorTitles": ["CncPassRecoveryWizard"],
          "fullName": "CncPassRecoveryWizard starts the flow with the completed review and closes on success",
          "status": "passed",
          "title": "starts the flow with the completed review and closes on success",
          "duration": 27.46309999999994,
          "failureMessages": [],
          "meta": {},
          "tags": []
        },
        {
          "ancestorTitles": ["CncPassRecoveryWizard"],
          "fullName": "CncPassRecoveryWizard warns inline when a later pass than the default is selected",
          "status": "passed",
          "title": "warns inline when a later pass than the default is selected",
          "duration": 16.30510000000004,
          "failureMessages": [],
          "meta": {},
          "tags": []
        },
        {
          "ancestorTitles": ["CncPassRecoveryWizard"],
          "fullName": "CncPassRecoveryWizard offers retained position only with session-continuity evidence",
          "status": "passed",
          "title": "offers retained position only with session-continuity evidence",
          "duration": 13.248899999999594,
          "failureMessages": [],
          "meta": {},
          "tags": []
        },
        {
          "ancestorTitles": ["CncPassRecoveryWizard"],
          "fullName": "CncPassRecoveryWizard disables retained position and explains why after a controller reboot",
          "status": "passed",
          "title": "disables retained position and explains why after a controller reboot",
          "duration": 14.011700000000019,
          "failureMessages": [],
          "meta": {},
          "tags": []
        },
        {
          "ancestorTitles": ["CncPassRecoveryWizard"],
          "fullName": "CncPassRecoveryWizard opens the advanced runway wizard on request",
          "status": "passed",
          "title": "opens the advanced runway wizard on request",
          "duration": 24.163700000000063,
          "failureMessages": [],
          "meta": {},
          "tags": []
        }
      ],
      "startTime": 1790004352823,
      "endTime": 1790004353035.1638,
      "status": "passed",
      "message": "",
      "name": "D:/LaserForge/ui-audit-20260921/src/ui/laser/CncPassRecoveryWizard.test.tsx"
    },
    {
      "assertionResults": [
        {
          "ancestorTitles": ["CncRecoveryPreviewWizard"],
          "fullName": "CncRecoveryPreviewWizard keeps execution gated until geometry and every physical qualification are explicit",
          "status": "passed",
          "title": "keeps execution gated until geometry and every physical qualification are explicit",
          "duration": 121.9382999999998,
          "failureMessages": [],
          "meta": {},
          "tags": []
        },
        {
          "ancestorTitles": ["CncRecoveryPreviewWizard"],
          "fullName": "CncRecoveryPreviewWizard renders matching-project event selection, SVG geometry, and runway metrics",
          "status": "passed",
          "title": "renders matching-project event selection, SVG geometry, and runway metrics",
          "duration": 46.770600000000286,
          "failureMessages": [],
          "meta": {},
          "tags": []
        },
        {
          "ancestorTitles": ["CncRecoveryPreviewWizard"],
          "fullName": "CncRecoveryPreviewWizard requires fresh event-specific confirmations after changing the uncertainty segment",
          "status": "passed",
          "title": "requires fresh event-specific confirmations after changing the uncertainty segment",
          "duration": 145.84079999999994,
          "failureMessages": [],
          "meta": {},
          "tags": []
        },
        {
          "ancestorTitles": ["CncRecoveryPreviewWizard"],
          "fullName": "CncRecoveryPreviewWizard blocks duplicate Start, Close, Escape, and Back while startup is in flight",
          "status": "passed",
          "title": "blocks duplicate Start, Close, Escape, and Back while startup is in flight",
          "duration": 112.54309999999987,
          "failureMessages": [],
          "meta": {},
          "tags": []
        }
      ],
      "startTime": 1790004277721,
      "endTime": 1790004278148.5432,
      "status": "passed",
      "message": "",
      "name": "D:/LaserForge/ui-audit-20260921/src/ui/laser/CncRecoveryPreviewWizard.test.tsx"
    },
    {
      "assertionResults": [
        {
          "ancestorTitles": [],
          "fullName": "offers Done after the real store settles a simulated job and sends no command on dismissal",
          "status": "passed",
          "title": "offers Done after the real store settles a simulated job and sends no command on dismissal",
          "duration": 97.21419999999989,
          "failureMessages": [],
          "meta": {},
          "tags": []
        }
      ],
      "startTime": 1790004327271,
      "endTime": 1790004327368.214,
      "status": "passed",
      "message": "",
      "name": "D:/LaserForge/ui-audit-20260921/src/ui/laser/CompletedJobNotice.simulator.test.tsx"
    },
    {
      "assertionResults": [
        {
          "ancestorTitles": ["completed job acknowledgement"],
          "fullName": "completed job acknowledgement clears only the finished display, retaining artwork, replay, archive and Frame state",
          "status": "passed",
          "title": "clears only the finished display, retaining artwork, replay, archive and Frame state",
          "duration": 202.88979999999992,
          "failureMessages": [],
          "meta": {},
          "tags": []
        },
        {
          "ancestorTitles": ["completed job acknowledgement"],
          "fullName": "completed job acknowledgement stays dismissed after remount and offers Done for the next completed run",
          "status": "passed",
          "title": "stays dismissed after remount and offers Done for the next completed run",
          "duration": 19.219500000000153,
          "failureMessages": [],
          "meta": {},
          "tags": []
        },
        {
          "ancestorTitles": ["completed job acknowledgement"],
          "fullName": "completed job acknowledgement retains live controls and has no Done action for a streaming stream",
          "status": "passed",
          "title": "retains live controls and has no Done action for a streaming stream",
          "duration": 16.04509999999982,
          "failureMessages": [],
          "meta": {},
          "tags": []
        },
        {
          "ancestorTitles": ["completed job acknowledgement"],
          "fullName": "completed job acknowledgement retains live controls and has no Done action for a paused stream",
          "status": "passed",
          "title": "retains live controls and has no Done action for a paused stream",
          "duration": 13.288700000000063,
          "failureMessages": [],
          "meta": {},
          "tags": []
        },
        {
          "ancestorTitles": ["completed job acknowledgement"],
          "fullName": "completed job acknowledgement retains live controls and has no Done action for a tool-change stream",
          "status": "passed",
          "title": "retains live controls and has no Done action for a tool-change stream",
          "duration": 11.721199999999953,
          "failureMessages": [],
          "meta": {},
          "tags": []
        },
        {
          "ancestorTitles": ["completed job acknowledgement"],
          "fullName": "completed job acknowledgement retains live controls and has no Done action for a done stream",
          "status": "passed",
          "title": "retains live controls and has no Done action for a done stream",
          "duration": 8.91780000000017,
          "failureMessages": [],
          "meta": {},
          "tags": []
        },
        {
          "ancestorTitles": ["completed job acknowledgement"],
          "fullName": "completed job acknowledgement retains live controls and has no Done action for a errored stream",
          "status": "passed",
          "title": "retains live controls and has no Done action for a errored stream",
          "duration": 11.637099999999919,
          "failureMessages": [],
          "meta": {},
          "tags": []
        },
        {
          "ancestorTitles": ["completed job acknowledgement"],
          "fullName": "completed job acknowledgement does not dismiss a running run even if a stale completion badge is present",
          "status": "passed",
          "title": "does not dismiss a running run even if a stale completion badge is present",
          "duration": 4.180299999999988,
          "failureMessages": [],
          "meta": {},
          "tags": []
        },
        {
          "ancestorTitles": ["completed job acknowledgement"],
          "fullName": "completed job acknowledgement does not dismiss a paused run even if a stale completion badge is present",
          "status": "passed",
          "title": "does not dismiss a paused run even if a stale completion badge is present",
          "duration": 6.166199999999662,
          "failureMessages": [],
          "meta": {},
          "tags": []
        },
        {
          "ancestorTitles": ["completed job acknowledgement"],
          "fullName": "completed job acknowledgement does not dismiss a tool-change run even if a stale completion badge is present",
          "status": "passed",
          "title": "does not dismiss a tool-change run even if a stale completion badge is present",
          "duration": 4.951599999999871,
          "failureMessages": [],
          "meta": {},
          "tags": []
        },
        {
          "ancestorTitles": ["completed job acknowledgement"],
          "fullName": "completed job acknowledgement does not dismiss a errored run even if a stale completion badge is present",
          "status": "passed",
          "title": "does not dismiss a errored run even if a stale completion badge is present",
          "duration": 3.349500000000262,
          "failureMessages": [],
          "meta": {},
          "tags": []
        },
        {
          "ancestorTitles": ["completed job acknowledgement"],
          "fullName": "completed job acknowledgement does not dismiss a stopped run even if a stale completion badge is present",
          "status": "passed",
          "title": "does not dismiss a stopped run even if a stale completion badge is present",
          "duration": 3.73700000000008,
          "failureMessages": [],
          "meta": {},
          "tags": []
        },
        {
          "ancestorTitles": ["completed job acknowledgement"],
          "fullName": "completed job acknowledgement does not dismiss a disconnected run even if a stale completion badge is present",
          "status": "passed",
          "title": "does not dismiss a disconnected run even if a stale completion badge is present",
          "duration": 3.56020000000035,
          "failureMessages": [],
          "meta": {},
          "tags": []
        },
        {
          "ancestorTitles": ["completed job acknowledgement"],
          "fullName": "completed job acknowledgement retains status during settle marker",
          "status": "passed",
          "title": "retains status during settle marker",
          "duration": 3.5715000000000146,
          "failureMessages": [],
          "meta": {},
          "tags": []
        },
        {
          "ancestorTitles": ["completed job acknowledgement"],
          "fullName": "completed job acknowledgement retains status during stable Idle wait",
          "status": "passed",
          "title": "retains status during stable Idle wait",
          "duration": 4.783100000000104,
          "failureMessages": [],
          "meta": {},
          "tags": []
        },
        {
          "ancestorTitles": ["completed job acknowledgement"],
          "fullName": "completed job acknowledgement retains status during controller error",
          "status": "passed",
          "title": "retains status during controller error",
          "duration": 3.7995999999998276,
          "failureMessages": [],
          "meta": {},
          "tags": []
        },
        {
          "ancestorTitles": ["completed job acknowledgement"],
          "fullName": "completed job acknowledgement retains status during alarm",
          "status": "passed",
          "title": "retains status during alarm",
          "duration": 4.105000000000018,
          "failureMessages": [],
          "meta": {},
          "tags": []
        },
        {
          "ancestorTitles": ["completed job acknowledgement"],
          "fullName": "completed job acknowledgement retains status during failed completion write",
          "status": "passed",
          "title": "retains status during failed completion write",
          "duration": 3.044300000000021,
          "failureMessages": [],
          "meta": {},
          "tags": []
        },
        {
          "ancestorTitles": ["completed job acknowledgement"],
          "fullName": "completed job acknowledgement retains status during safety notice",
          "status": "passed",
          "title": "retains status during safety notice",
          "duration": 4.762200000000121,
          "failureMessages": [],
          "meta": {},
          "tags": []
        },
        {
          "ancestorTitles": ["completed job acknowledgement"],
          "fullName": "completed job acknowledgement retains status during autofocus",
          "status": "passed",
          "title": "retains status during autofocus",
          "duration": 4.461800000000039,
          "failureMessages": [],
          "meta": {},
          "tags": []
        },
        {
          "ancestorTitles": ["completed job acknowledgement"],
          "fullName": "completed job acknowledgement retains status during probe",
          "status": "passed",
          "title": "retains status during probe",
          "duration": 3.540100000000166,
          "failureMessages": [],
          "meta": {},
          "tags": []
        },
        {
          "ancestorTitles": ["completed job acknowledgement"],
          "fullName": "completed job acknowledgement retains status during fire",
          "status": "passed",
          "title": "retains status during fire",
          "duration": 3.0790000000001783,
          "failureMessages": [],
          "meta": {},
          "tags": []
        },
        {
          "ancestorTitles": ["completed job acknowledgement"],
          "fullName": "completed job acknowledgement retains status during jog motion",
          "status": "passed",
          "title": "retains status during jog motion",
          "duration": 4.027099999999791,
          "failureMessages": [],
          "meta": {},
          "tags": []
        },
        {
          "ancestorTitles": ["completed job acknowledgement"],
          "fullName": "completed job acknowledgement retains status during Frame motion",
          "status": "passed",
          "title": "retains status during Frame motion",
          "duration": 3.482300000000123,
          "failureMessages": [],
          "meta": {},
          "tags": []
        },
        {
          "ancestorTitles": ["completed job acknowledgement"],
          "fullName": "completed job acknowledgement retains status during pause transition",
          "status": "passed",
          "title": "retains status during pause transition",
          "duration": 4.343800000000101,
          "failureMessages": [],
          "meta": {},
          "tags": []
        },
        {
          "ancestorTitles": ["completed job acknowledgement"],
          "fullName": "completed job acknowledgement retains status during unknown status",
          "status": "passed",
          "title": "retains status during unknown status",
          "duration": 4.313200000000052,
          "failureMessages": [],
          "meta": {},
          "tags": []
        },
        {
          "ancestorTitles": ["completed job acknowledgement"],
          "fullName": "completed job acknowledgement does not treat a finished route with an unsettled countdown as completion",
          "status": "passed",
          "title": "does not treat a finished route with an unsettled countdown as completion",
          "duration": 3.354500000000371,
          "failureMessages": [],
          "meta": {},
          "tags": []
        },
        {
          "ancestorTitles": ["completed job acknowledgement"],
          "fullName": "completed job acknowledgement rechecks run identity so a stale Done cannot dismiss a newer completed run",
          "status": "passed",
          "title": "rechecks run identity so a stale Done cannot dismiss a newer completed run",
          "duration": 4.066199999999753,
          "failureMessages": [],
          "meta": {},
          "tags": []
        },
        {
          "ancestorTitles": ["completed job acknowledgement"],
          "fullName": "completed job acknowledgement accepts trailing status updates to the same completed run",
          "status": "passed",
          "title": "accepts trailing status updates to the same completed run",
          "duration": 2.798999999999978,
          "failureMessages": [],
          "meta": {},
          "tags": []
        }
      ],
      "startTime": 1790004330817,
      "endTime": 1790004331189.799,
      "status": "passed",
      "message": "",
      "name": "D:/LaserForge/ui-audit-20260921/src/ui/laser/CompletedJobNotice.test.tsx"
    },
    {
      "assertionResults": [
        {
          "ancestorTitles": ["ConnectionBar device permission actions"],
          "fullName": "ConnectionBar device permission actions keeps Disconnect and Forget Controller as separate explicit actions",
          "status": "passed",
          "title": "keeps Disconnect and Forget Controller as separate explicit actions",
          "duration": 37.46389999999997,
          "failureMessages": [],
          "meta": {},
          "tags": []
        },
        {
          "ancestorTitles": ["ConnectionBar device permission actions"],
          "fullName": "ConnectionBar device permission actions surfaces a failed qualification with an inline retry action",
          "status": "passed",
          "title": "surfaces a failed qualification with an inline retry action",
          "duration": 17.76559999999995,
          "failureMessages": [],
          "meta": {},
          "tags": []
        }
      ],
      "startTime": 1790004561389,
      "endTime": 1790004561444.7656,
      "status": "passed",
      "message": "",
      "name": "D:/LaserForge/ui-audit-20260921/src/ui/laser/ConnectionBar-forget-device.test.tsx"
    },
    {
      "assertionResults": [
        {
          "ancestorTitles": ["FluidNC transcript display surfaces"],
          "fullName": "FluidNC transcript display surfaces keeps the received raw line and configured meaning in rendered rows and clipboard copy",
          "status": "passed",
          "title": "keeps the received raw line and configured meaning in rendered rows and clipboard copy",
          "duration": 139.53960000000006,
          "failureMessages": [],
          "meta": {},
          "tags": []
        },
        {
          "ancestorTitles": ["FluidNC transcript display surfaces"],
          "fullName": "FluidNC transcript display surfaces keeps the received raw line and configured meaning in rendered rows and manual copy",
          "status": "passed",
          "title": "keeps the received raw line and configured meaning in rendered rows and manual copy",
          "duration": 33.56479999999965,
          "failureMessages": [],
          "meta": {},
          "tags": []
        },
        {
          "ancestorTitles": ["FluidNC transcript display surfaces"],
          "fullName": "FluidNC transcript display surfaces searches and exports the same family meaning while retaining raw fallback",
          "status": "passed",
          "title": "searches and exports the same family meaning while retaining raw fallback",
          "duration": 2.425499999999829,
          "failureMessages": [],
          "meta": {},
          "tags": []
        }
      ],
      "startTime": 1790004533302,
      "endTime": 1790004533477.4255,
      "status": "passed",
      "message": "",
      "name": "D:/LaserForge/ui-audit-20260921/src/ui/laser/ConsolePanel.response-presentation.test.tsx"
    },
    {
      "assertionResults": [
        {
          "ancestorTitles": ["ConsolePanel"],
          "fullName": "ConsolePanel offers a manual transcript when clipboard is unavailable",
          "status": "passed",
          "title": "offers a manual transcript when clipboard is unavailable",
          "duration": 56.634700000000066,
          "failureMessages": [],
          "meta": {},
          "tags": []
        },
        {
          "ancestorTitles": ["ConsolePanel"],
          "fullName": "ConsolePanel offers a manual transcript when clipboard is rejected",
          "status": "passed",
          "title": "offers a manual transcript when clipboard is rejected",
          "duration": 17.36259999999993,
          "failureMessages": [],
          "meta": {},
          "tags": []
        },
        {
          "ancestorTitles": ["ConsolePanel"],
          "fullName": "ConsolePanel offers a manual transcript when clipboard is throws",
          "status": "passed",
          "title": "offers a manual transcript when clipboard is throws",
          "duration": 11.475600000000213,
          "failureMessages": [],
          "meta": {},
          "tags": []
        },
        {
          "ancestorTitles": ["ConsolePanel"],
          "fullName": "ConsolePanel clearing the console retires a manual clipboard copy",
          "status": "passed",
          "title": "clearing the console retires a manual clipboard copy",
          "duration": 17.070900000000165,
          "failureMessages": [],
          "meta": {},
          "tags": []
        },
        {
          "ancestorTitles": ["ConsolePanel"],
          "fullName": "ConsolePanel clearing the console retires a pending clipboard copy",
          "status": "passed",
          "title": "clearing the console retires a pending clipboard copy",
          "duration": 12.557299999999941,
          "failureMessages": [],
          "meta": {},
          "tags": []
        },
        {
          "ancestorTitles": ["ConsolePanel"],
          "fullName": "ConsolePanel hides status polls and job stream lines by default",
          "status": "passed",
          "title": "hides status polls and job stream lines by default",
          "duration": 7.559799999999996,
          "failureMessages": [],
          "meta": {},
          "tags": []
        },
        {
          "ancestorTitles": ["ConsolePanel"],
          "fullName": "ConsolePanel sends quick commands through the laser store action",
          "status": "passed",
          "title": "sends quick commands through the laser store action",
          "duration": 10.26720000000023,
          "failureMessages": [],
          "meta": {},
          "tags": []
        },
        {
          "ancestorTitles": ["ConsolePanel"],
          "fullName": "ConsolePanel requires confirmation before sending a setting write",
          "status": "passed",
          "title": "requires confirmation before sending a setting write",
          "duration": 13.229199999999764,
          "failureMessages": [],
          "meta": {},
          "tags": []
        },
        {
          "ancestorTitles": ["ConsolePanel"],
          "fullName": "ConsolePanel blocks normal quick commands during an active job but keeps realtime status available",
          "status": "passed",
          "title": "blocks normal quick commands during an active job but keeps realtime status available",
          "duration": 7.46539999999959,
          "failureMessages": [],
          "meta": {},
          "tags": []
        }
      ],
      "startTime": 1790004355398,
      "endTime": 1790004355552.4653,
      "status": "passed",
      "message": "",
      "name": "D:/LaserForge/ui-audit-20260921/src/ui/laser/ConsolePanel.test.tsx"
    },
    {
      "assertionResults": [
        {
          "ancestorTitles": ["describePatch"],
          "fullName": "describePatch surfaces GRBL $31 and $32 alongside $30 detected settings",
          "status": "passed",
          "title": "surfaces GRBL $31 and $32 alongside $30 detected settings",
          "duration": 3.7272000000002663,
          "failureMessages": [],
          "meta": {},
          "tags": []
        },
        {
          "ancestorTitles": ["describePatch"],
          "fullName": "describePatch surfaces detected Z max travel from GRBL $132",
          "status": "passed",
          "title": "surfaces detected Z max travel from GRBL $132",
          "duration": 0.8317999999999302,
          "failureMessages": [],
          "meta": {},
          "tags": []
        },
        {
          "ancestorTitles": ["describePatch"],
          "fullName": "describePatch omits controller values that already match the active profile",
          "status": "passed",
          "title": "omits controller values that already match the active profile",
          "duration": 0.5356000000001586,
          "failureMessages": [],
          "meta": {},
          "tags": []
        },
        {
          "ancestorTitles": ["describeReviewItems"],
          "fullName": "describeReviewItems offers a guarded powered Z action without confirming Z travel automatically",
          "status": "passed",
          "title": "offers a guarded powered Z action without confirming Z travel automatically",
          "duration": 0.9636999999997897,
          "failureMessages": [],
          "meta": {},
          "tags": []
        },
        {
          "ancestorTitles": ["describeReviewItems"],
          "fullName": "describeReviewItems surfaces homing and limit settings as review-only controller behavior",
          "status": "passed",
          "title": "surfaces homing and limit settings as review-only controller behavior",
          "duration": 0.49060000000008586,
          "failureMessages": [],
          "meta": {},
          "tags": []
        },
        {
          "ancestorTitles": ["describeReviewItems"],
          "fullName": "describeReviewItems lists unknown GRBL settings as ignored so auto-detect stays explainable",
          "status": "passed",
          "title": "lists unknown GRBL settings as ignored so auto-detect stays explainable",
          "duration": 0.3955000000000837,
          "failureMessages": [],
          "meta": {},
          "tags": []
        },
        {
          "ancestorTitles": ["DetectedSettingsBanner"],
          "fullName": "DetectedSettingsBanner exposes explicit help metadata on the detected-settings review controls",
          "status": "passed",
          "title": "exposes explicit help metadata on the detected-settings review controls",
          "duration": 48.86189999999988,
          "failureMessages": [],
          "meta": {},
          "tags": []
        },
        {
          "ancestorTitles": ["DetectedSettingsBanner"],
          "fullName": "DetectedSettingsBanner applies the guarded powered Z action to the active profile only after click",
          "status": "passed",
          "title": "applies the guarded powered Z action to the active profile only after click",
          "duration": 13.875300000000152,
          "failureMessages": [],
          "meta": {},
          "tags": []
        }
      ],
      "startTime": 1790004358103,
      "endTime": 1790004358173.8752,
      "status": "passed",
      "message": "",
      "name": "D:/LaserForge/ui-audit-20260921/src/ui/laser/DetectedSettingsBanner.test.ts"
    },
    {
      "assertionResults": [
        {
          "ancestorTitles": ["DeviceSettings disclosure"],
          "fullName": "DeviceSettings disclosure opens the Device Profile panel by default so the fields are visible on mount",
          "status": "passed",
          "title": "opens the Device Profile panel by default so the fields are visible on mount",
          "duration": 154.4081000000001,
          "failureMessages": [],
          "meta": {},
          "tags": []
        },
        {
          "ancestorTitles": ["DeviceSettings disclosure"],
          "fullName": "DeviceSettings disclosure names generic runways for Falcon without claiming Neotronics qualification",
          "status": "passed",
          "title": "names generic runways for Falcon without claiming Neotronics qualification",
          "duration": 47.48010000000022,
          "failureMessages": [],
          "meta": {},
          "tags": []
        },
        {
          "ancestorTitles": ["DeviceSettings air assist command"],
          "fullName": "DeviceSettings air assist command lets the operator choose the GRBL air assist command",
          "status": "passed",
          "title": "lets the operator choose the GRBL air assist command",
          "duration": 77.0281,
          "failureMessages": [],
          "meta": {},
          "tags": []
        },
        {
          "ancestorTitles": ["DeviceSettings air assist command"],
          "fullName": "DeviceSettings air assist command applies the Neotronics 4040 Max laser profile deliberately and lets Z be confirmed",
          "status": "passed",
          "title": "applies the Neotronics 4040 Max laser profile deliberately and lets Z be confirmed",
          "duration": 96.78859999999986,
          "failureMessages": [],
          "meta": {},
          "tags": []
        },
        {
          "ancestorTitles": ["DeviceSettings air assist command"],
          "fullName": "DeviceSettings air assist command lets the operator declare whether the machine has powered Z jog",
          "status": "passed",
          "title": "lets the operator declare whether the machine has powered Z jog",
          "duration": 87.1875,
          "failureMessages": [],
          "meta": {},
          "tags": []
        },
        {
          "ancestorTitles": ["DeviceSettings air assist command"],
          "fullName": "DeviceSettings air assist command keeps Z travel confirmation disabled until powered Z and travel are present",
          "status": "passed",
          "title": "keeps Z travel confirmation disabled until powered Z and travel are present",
          "duration": 53.634500000000116,
          "failureMessages": [],
          "meta": {},
          "tags": []
        },
        {
          "ancestorTitles": ["DeviceSettings air assist command"],
          "fullName": "DeviceSettings air assist command clears Z travel confirmation when powered Z jog is disabled",
          "status": "passed",
          "title": "clears Z travel confirmation when powered Z jog is disabled",
          "duration": 42.259799999999814,
          "failureMessages": [],
          "meta": {},
          "tags": []
        },
        {
          "ancestorTitles": ["DeviceSettings air assist command"],
          "fullName": "DeviceSettings air assist command does not inherit stale Z travel confirmation when powered Z jog is enabled",
          "status": "passed",
          "title": "does not inherit stale Z travel confirmation when powered Z jog is enabled",
          "duration": 54.0626000000002,
          "failureMessages": [],
          "meta": {},
          "tags": []
        },
        {
          "ancestorTitles": ["DeviceSettings controlled seek feed"],
          "fullName": "DeviceSettings controlled seek feed labels output max feed separately from the live-capped requested Frame feed",
          "status": "passed",
          "title": "labels output max feed separately from the live-capped requested Frame feed",
          "duration": 104.45839999999953,
          "failureMessages": [],
          "meta": {},
          "tags": []
        },
        {
          "ancestorTitles": ["DeviceSettings controlled seek feed"],
          "fullName": "DeviceSettings controlled seek feed caps the editor at the machine feed ceiling and ignores larger values",
          "status": "passed",
          "title": "caps the editor at the machine feed ceiling and ignores larger values",
          "duration": 63.7514000000001,
          "failureMessages": [],
          "meta": {},
          "tags": []
        },
        {
          "ancestorTitles": ["DeviceSettings in CNC mode (ADR-101 §6)"],
          "fullName": "DeviceSettings in CNC mode (ADR-101 §6) hides the laser-only fields but keeps the machine-agnostic ones",
          "status": "passed",
          "title": "hides the laser-only fields but keeps the machine-agnostic ones",
          "duration": 57.73659999999927,
          "failureMessages": [],
          "meta": {},
          "tags": []
        },
        {
          "ancestorTitles": ["DeviceSettings low-power Fire"],
          "fullName": "DeviceSettings low-power Fire requires explicit profile enablement on an approved device",
          "status": "passed",
          "title": "requires explicit profile enablement on an approved device",
          "duration": 70.3764000000001,
          "failureMessages": [],
          "meta": {},
          "tags": []
        },
        {
          "ancestorTitles": ["DeviceSettings scan offsets"],
          "fullName": "DeviceSettings scan offsets lets the operator edit calibrated scan-offset points on the device profile",
          "status": "passed",
          "title": "lets the operator edit calibrated scan-offset points on the device profile",
          "duration": 160.15340000000015,
          "failureMessages": [],
          "meta": {},
          "tags": []
        },
        {
          "ancestorTitles": ["DeviceSettings scan offsets"],
          "fullName": "DeviceSettings scan offsets rejects huge manual scan offsets at the profile-relative input bound",
          "status": "passed",
          "title": "rejects huge manual scan offsets at the profile-relative input bound",
          "duration": 34.08559999999943,
          "failureMessages": [],
          "meta": {},
          "tags": []
        }
      ],
      "startTime": 1790004206816,
      "endTime": 1790004207922.0857,
      "status": "passed",
      "message": "",
      "name": "D:/LaserForge/ui-audit-20260921/src/ui/laser/DeviceSettings.test.tsx"
    },
    {
      "assertionResults": [
        {
          "ancestorTitles": ["ExecutionArchivePanel"],
          "fullName": "ExecutionArchivePanel shows the operator-facing empty state",
          "status": "passed",
          "title": "shows the operator-facing empty state",
          "duration": 31.330299999999852,
          "failureMessages": [],
          "meta": {},
          "tags": []
        },
        {
          "ancestorTitles": ["ExecutionArchivePanel"],
          "fullName": "ExecutionArchivePanel exports the exact stored artifact in a versioned typed-array-safe envelope",
          "status": "passed",
          "title": "exports the exact stored artifact in a versioned typed-array-safe envelope",
          "duration": 134.74689999999987,
          "failureMessages": [],
          "meta": {},
          "tags": []
        },
        {
          "ancestorTitles": ["ExecutionArchivePanel"],
          "fullName": "ExecutionArchivePanel shows an in-panel error when a retained history row has no readable artifact",
          "status": "passed",
          "title": "shows an in-panel error when a retained history row has no readable artifact",
          "duration": 12.104100000000017,
          "failureMessages": [],
          "meta": {},
          "tags": []
        },
        {
          "ancestorTitles": ["ExecutionArchivePanel"],
          "fullName": "ExecutionArchivePanel shows an in-panel error when the selected save target cannot be written",
          "status": "passed",
          "title": "shows an in-panel error when the selected save target cannot be written",
          "duration": 69.2231999999999,
          "failureMessages": [],
          "meta": {},
          "tags": []
        }
      ],
      "startTime": 1790004321793,
      "endTime": 1790004322040.2231,
      "status": "passed",
      "message": "",
      "name": "D:/LaserForge/ui-audit-20260921/src/ui/laser/ExecutionArchivePanel.test.tsx"
    },
    {
      "assertionResults": [
        {
          "ancestorTitles": ["legacy GRBL laser setup panel"],
          "fullName": "legacy GRBL laser setup panel contains no fixed-value firmware action",
          "status": "passed",
          "title": "contains no fixed-value firmware action",
          "duration": 30.247999999999934,
          "failureMessages": [],
          "meta": {},
          "tags": []
        }
      ],
      "startTime": 1790004673422,
      "endTime": 1790004673452.248,
      "status": "passed",
      "message": "",
      "name": "D:/LaserForge/ui-audit-20260921/src/ui/laser/GrblLaserSetupPanel.test.tsx"
    },
    {
      "assertionResults": [
        {
          "ancestorTitles": ["IslandFillRecoveryAction"],
          "fullName": "IslandFillRecoveryAction offers one-click Scanline recovery for fine-detail 4040 Island Fill",
          "status": "passed",
          "title": "offers one-click Scanline recovery for fine-detail 4040 Island Fill",
          "duration": 39.589200000000346,
          "failureMessages": [],
          "meta": {},
          "tags": []
        },
        {
          "ancestorTitles": ["IslandFillRecoveryAction"],
          "fullName": "IslandFillRecoveryAction respects Cut Selected scope before showing the recovery action",
          "status": "passed",
          "title": "respects Cut Selected scope before showing the recovery action",
          "duration": 3.425999999999931,
          "failureMessages": [],
          "meta": {},
          "tags": []
        },
        {
          "ancestorTitles": ["IslandFillRecoveryAction"],
          "fullName": "IslandFillRecoveryAction offers Scanline recovery for custom profiles using the 4040-safe dialect",
          "status": "passed",
          "title": "offers Scanline recovery for custom profiles using the 4040-safe dialect",
          "duration": 5.484300000000076,
          "failureMessages": [],
          "meta": {},
          "tags": []
        },
        {
          "ancestorTitles": ["IslandFillRecoveryAction"],
          "fullName": "IslandFillRecoveryAction offers Scanline recovery for fine-detail 4040 Island Fill even when overscan is enabled",
          "status": "passed",
          "title": "offers Scanline recovery for fine-detail 4040 Island Fill even when overscan is enabled",
          "duration": 4.597299999999905,
          "failureMessages": [],
          "meta": {},
          "tags": []
        }
      ],
      "startTime": 1790004364762,
      "endTime": 1790004364815.5974,
      "status": "passed",
      "message": "",
      "name": "D:/LaserForge/ui-audit-20260921/src/ui/laser/IslandFillRecoveryAction.test.tsx"
    },
    {
      "assertionResults": [
        {
          "ancestorTitles": ["JobControls Absolute Coordinates frame-first"],
          "fullName": "JobControls Absolute Coordinates frame-first keeps Start and Frame clickable before homing and dispatches the frame trace",
          "status": "passed",
          "title": "keeps Start and Frame clickable before homing and dispatches the frame trace",
          "duration": 124.41300000000001,
          "failureMessages": [],
          "meta": {},
          "tags": []
        }
      ],
      "startTime": 1790004385967,
      "endTime": 1790004386091.413,
      "status": "passed",
      "message": "",
      "name": "D:/LaserForge/ui-audit-20260921/src/ui/laser/JobControls-absolute-placement.test.tsx"
    },
    {
      "assertionResults": [
        {
          "ancestorTitles": ["JobControls camera placement"],
          "fullName": "JobControls camera placement keeps placement controls editable while allowing a watched tool-off Frame",
          "status": "passed",
          "title": "keeps placement controls editable while allowing a watched tool-off Frame",
          "duration": 344.3832000000002,
          "failureMessages": [],
          "meta": {},
          "tags": []
        },
        {
          "ancestorTitles": ["JobControls camera placement"],
          "fullName": "JobControls camera placement keeps a ready framed job when camera-only setup changes afterward",
          "status": "passed",
          "title": "keeps a ready framed job when camera-only setup changes afterward",
          "duration": 61.881900000000314,
          "failureMessages": [],
          "meta": {},
          "tags": []
        }
      ],
      "startTime": 1790004368541,
      "endTime": 1790004368947.8818,
      "status": "passed",
      "message": "",
      "name": "D:/LaserForge/ui-audit-20260921/src/ui/laser/JobControls-camera-placement.test.tsx"
    },
    {
      "assertionResults": [
        {
          "ancestorTitles": ["JobControls laser motion Frame"],
          "fullName": "JobControls laser motion Frame physically Frames the 4040 motion envelope, including runways and scan offset",
          "status": "passed",
          "title": "physically Frames the 4040 motion envelope, including runways and scan offset",
          "duration": 309.0158000000001,
          "failureMessages": [],
          "meta": {},
          "tags": []
        }
      ],
      "startTime": 1790004377473,
      "endTime": 1790004377782.0159,
      "status": "passed",
      "message": "",
      "name": "D:/LaserForge/ui-audit-20260921/src/ui/laser/JobControls-frame-motion-bounds.test.tsx"
    },
    {
      "assertionResults": [
        {
          "ancestorTitles": ["JobControls output scope controls"],
          "fullName": "JobControls output scope controls keeps compile placement editable while machine commands are disconnected",
          "status": "passed",
          "title": "keeps compile placement editable while machine commands are disconnected",
          "duration": 78.84969999999976,
          "failureMessages": [],
          "meta": {},
[...]
          "meta": {},
          "tags": []
        },
        {
          "ancestorTitles": ["JobReviewDialog"],
          "fullName": "JobReviewDialog requests an immediate rebuild when same-session $30/$32 evidence changes",
          "status": "passed",
          "title": "requests an immediate rebuild when same-session $30/$32 evidence changes",
          "duration": 29.1903999999995,
          "failureMessages": [],
          "meta": {},
          "tags": []
        },
        {
          "ancestorTitles": ["JobReviewDialog"],
          "fullName": "JobReviewDialog renders the CNC variant: attestation, machine facts, and the tool plan",
          "status": "passed",
          "title": "renders the CNC variant: attestation, machine facts, and the tool plan",
          "duration": 49.55150000000049,
          "failureMessages": [],
          "meta": {},
          "tags": []
        },
        {
          "ancestorTitles": ["JobReviewDialog"],
          "fullName": "JobReviewDialog leaves CNC review for the editable Artwork settings owner",
          "status": "passed",
          "title": "leaves CNC review for the editable Artwork settings owner",
          "duration": 30.06079999999929,
          "failureMessages": [],
          "meta": {},
          "tags": []
        },
        {
          "ancestorTitles": ["JobReviewDialog"],
          "fullName": "JobReviewDialog leaves CNC review for the Startup Setup owner",
          "status": "passed",
          "title": "leaves CNC review for the Startup Setup owner",
          "duration": 36.822400000000016,
          "failureMessages": [],
          "meta": {},
          "tags": []
        },
        {
          "ancestorTitles": ["JobReviewDialog"],
          "fullName": "JobReviewDialog surfaces a rebuild refusal as a blocker and keeps Confirm inert",
          "status": "passed",
          "title": "surfaces a rebuild refusal as a blocker and keeps Confirm inert",
          "duration": 25.94260000000031,
          "failureMessages": [],
          "meta": {},
          "tags": []
        },
        {
          "ancestorTitles": ["JobReviewDialog"],
          "fullName": "JobReviewDialog offers an explicit busy-preparation retry without confirming or automatically replaying work",
          "status": "passed",
          "title": "offers an explicit busy-preparation retry without confirming or automatically replaying work",
          "duration": 36.41580000000067,
          "failureMessages": [],
          "meta": {},
          "tags": []
        }
      ],
      "startTime": 1790004220743,
      "endTime": 1790004221409.4158,
      "status": "passed",
      "message": "",
      "name": "D:/LaserForge/ui-audit-20260921/src/ui/laser/job-review/JobReviewDialog.test.tsx"
    },
    {
      "assertionResults": [
        {
          "ancestorTitles": ["JobReviewLayersTable"],
          "fullName": "JobReviewLayersTable edits laser power/speed/passes through the store with clamping, and toggles air",
          "status": "passed",
          "title": "edits laser power/speed/passes through the store with clamping, and toggles air",
          "duration": 80.7775999999999,
          "failureMessages": [],
          "meta": {},
          "tags": []
        },
        {
          "ancestorTitles": ["JobReviewLayersTable"],
          "fullName": "JobReviewLayersTable rejects non-decimal English number syntax with accessible feedback and preserves the value",
          "status": "passed",
          "title": "rejects non-decimal English number syntax with accessible feedback and preserves the value",
          "duration": 14.917500000000018,
          "failureMessages": [],
          "meta": {},
          "tags": []
        },
        {
          "ancestorTitles": ["JobReviewLayersTable"],
          "fullName": "JobReviewLayersTable shows only output-enabled operations",
          "status": "passed",
          "title": "shows only output-enabled operations",
          "duration": 9.712599999999838,
          "failureMessages": [],
          "meta": {},
          "tags": []
        },
        {
          "ancestorTitles": ["JobReviewLayersTable"],
          "fullName": "JobReviewLayersTable shows CNC operation values read-only without mutating the store",
          "status": "passed",
          "title": "shows CNC operation values read-only without mutating the store",
          "duration": 28.645800000000236,
          "failureMessages": [],
          "meta": {},
          "tags": []
        },
        {
          "ancestorTitles": ["JobReviewLayersTable"],
          "fullName": "JobReviewLayersTable shows compiled actual depth instead of an inert cut-depth editor for flowing V-carve",
          "status": "passed",
          "title": "shows compiled actual depth instead of an inert cut-depth editor for flowing V-carve",
          "duration": 13.67430000000013,
          "failureMessages": [],
          "meta": {},
          "tags": []
        },
        {
          "ancestorTitles": ["JobReviewLayersTable"],
          "fullName": "JobReviewLayersTable states plainly when nothing has Output enabled",
          "status": "passed",
          "title": "states plainly when nothing has Output enabled",
          "duration": 3.4367999999999483,
          "failureMessages": [],
          "meta": {},
          "tags": []
        },
        {
          "ancestorTitles": ["JobReviewLayersTable"],
          "fullName": "JobReviewLayersTable shows the mode-specific detail line under a laser operation",
          "status": "passed",
          "title": "shows the mode-specific detail line under a laser operation",
          "duration": 9.902099999999791,
          "failureMessages": [],
          "meta": {},
          "tags": []
        },
        {
          "ancestorTitles": ["JobReviewLayersTable"],
          "fullName": "JobReviewLayersTable identifies the registration jig outline operation and its exact outline count",
          "status": "passed",
          "title": "identifies the registration jig outline operation and its exact outline count",
          "duration": 9.362500000000182,
          "failureMessages": [],
          "meta": {},
          "tags": []
        },
        {
          "ancestorTitles": ["JobReviewLayersTable"],
          "fullName": "JobReviewLayersTable keeps editable base values while labeling combined compiled summaries as partial",
          "status": "passed",
          "title": "keeps editable base values while labeling combined compiled summaries as partial",
          "duration": 7.846900000000005,
          "failureMessages": [],
          "meta": {},
          "tags": []
        },
        {
          "ancestorTitles": ["JobReviewLayersTable"],
          "fullName": "JobReviewLayersTable matches sublayer review summaries by the compiler canonical operation id",
          "status": "passed",
          "title": "matches sublayer review summaries by the compiler canonical operation id",
          "duration": 9.172500000000127,
          "failureMessages": [],
          "meta": {},
          "tags": []
        },
        {
          "ancestorTitles": ["JobReviewLayersTable"],
          "fullName": "JobReviewLayersTable shows the strategy detail line under a CNC operation",
          "status": "passed",
          "title": "shows the strategy detail line under a CNC operation",
          "duration": 7.970800000000054,
          "failureMessages": [],
          "meta": {},
          "tags": []
        }
      ],
      "startTime": 1790004294810,
      "endTime": 1790004295005.9707,
      "status": "passed",
      "message": "",
      "name": "D:/LaserForge/ui-audit-20260921/src/ui/laser/job-review/JobReviewLayersTable.test.tsx"
    },
    {
      "assertionResults": [
        {
          "ancestorTitles": ["JobReviewSettingsApproval"],
          "fullName": "JobReviewSettingsApproval re-arms approval after object power overrides and power scale change",
          "status": "passed",
          "title": "re-arms approval after object power overrides and power scale change",
          "duration": 150.8775000000005,
          "failureMessages": [],
          "meta": {},
          "tags": []
        },
        {
          "ancestorTitles": ["JobReviewSettingsApproval"],
          "fullName": "JobReviewSettingsApproval approves live-synced main settings and re-arms after another edit",
          "status": "passed",
          "title": "approves live-synced main settings and re-arms after another edit",
          "duration": 144.42909999999938,
          "failureMessages": [],
          "meta": {},
          "tags": []
        },
        {
          "ancestorTitles": ["JobReviewSettingsApproval"],
          "fullName": "JobReviewSettingsApproval detects and approves CNC operation settings from the same main store",
          "status": "passed",
          "title": "detects and approves CNC operation settings from the same main store",
          "duration": 13.166800000000876,
          "failureMessages": [],
          "meta": {},
          "tags": []
        },
        {
          "ancestorTitles": ["JobReviewSettingsApproval"],
          "fullName": "JobReviewSettingsApproval preserves changed and unchanged approval invariants across generated settings",
          "status": "passed",
          "title": "preserves changed and unchanged approval invariants across generated settings",
          "duration": 1059.8895999999986,
          "failureMessages": [],
          "meta": {},
          "tags": []
        }
      ],
      "startTime": 1790004457322,
      "endTime": 1790004458689.8896,
      "status": "passed",
      "message": "",
      "name": "D:/LaserForge/ui-audit-20260921/src/ui/laser/job-review/JobReviewSettingsApproval.test.tsx"
    },
    {
      "assertionResults": [
        {
          "ancestorTitles": ["useJobReviewRebuildTrigger"],
          "fullName": "useJobReviewRebuildTrigger flushes a pending debounce without scheduling a duplicate rebuild",
          "status": "passed",
          "title": "flushes a pending debounce without scheduling a duplicate rebuild",
          "duration": 31.611099999999624,
          "failureMessages": [],
          "meta": {},
          "tags": []
        },
        {
          "ancestorTitles": ["useJobReviewRebuildTrigger"],
          "fullName": "useJobReviewRebuildTrigger preserves rebuild signal invariants across generated action sequences",
          "status": "passed",
          "title": "preserves rebuild signal invariants across generated action sequences",
          "duration": 45.35579999999982,
          "failureMessages": [],
          "meta": {},
          "tags": []
        },
        {
          "ancestorTitles": ["useJobReviewRebuildTrigger"],
          "fullName": "useJobReviewRebuildTrigger requests a rebuild when selected-only artwork selection changes",
          "status": "passed",
          "title": "requests a rebuild when selected-only artwork selection changes",
          "duration": 3.419800000000123,
          "failureMessages": [],
          "meta": {},
          "tags": []
        }
      ],
      "startTime": 1790004515479,
      "endTime": 1790004515559.42,
      "status": "passed",
      "message": "",
      "name": "D:/LaserForge/ui-audit-20260921/src/ui/laser/job-review/use-job-review-rebuild.test.tsx"
    },
    {
      "assertionResults": [
        {
          "ancestorTitles": ["SuperConsoleLauncher / SuperConsoleDialog"],
          "fullName": "SuperConsoleLauncher / SuperConsoleDialog opens the dialog and shows the full transcript, beyond the docked 150-entry cap",
          "status": "passed",
          "title": "opens the dialog and shows the full transcript, beyond the docked 150-entry cap",
          "duration": 322.32490000000007,
          "failureMessages": [],
          "meta": {},
          "tags": []
        },
        {
          "ancestorTitles": ["SuperConsoleLauncher / SuperConsoleDialog"],
          "fullName": "SuperConsoleLauncher / SuperConsoleDialog hides a group when its filter chip is unchecked",
          "status": "passed",
          "title": "hides a group when its filter chip is unchecked",
          "duration": 91.096,
          "failureMessages": [],
          "meta": {},
          "tags": []
        },
        {
          "ancestorTitles": ["SuperConsoleLauncher / SuperConsoleDialog"],
          "fullName": "SuperConsoleLauncher / SuperConsoleDialog narrows the list with the search box",
          "status": "passed",
          "title": "narrows the list with the search box",
          "duration": 93.48759999999993,
          "failureMessages": [],
          "meta": {},
          "tags": []
        },
        {
          "ancestorTitles": ["SuperConsoleLauncher / SuperConsoleDialog"],
          "fullName": "SuperConsoleLauncher / SuperConsoleDialog closes via the Close button",
          "status": "passed",
          "title": "closes via the Close button",
          "duration": 62.85480000000007,
          "failureMessages": [],
          "meta": {},
          "tags": []
        },
        {
          "ancestorTitles": ["SuperConsoleLauncher / SuperConsoleDialog"],
          "fullName": "SuperConsoleLauncher / SuperConsoleDialog offers timestamped TSV for manual copy when clipboard access is unavailable",
          "status": "passed",
          "title": "offers timestamped TSV for manual copy when clipboard access is unavailable",
          "duration": 73.16190000000006,
          "failureMessages": [],
          "meta": {},
          "tags": []
        },
        {
          "ancestorTitles": ["SuperConsoleLauncher / SuperConsoleDialog"],
          "fullName": "SuperConsoleLauncher / SuperConsoleDialog sends through the shared safe command deck and recalls successful history",
          "status": "passed",
          "title": "sends through the shared safe command deck and recalls successful history",
          "duration": 92.37620000000015,
          "failureMessages": [],
          "meta": {},
          "tags": []
        }
      ],
      "startTime": 1790004313035,
      "endTime": 1790004313770.3762,
      "status": "passed",
      "message": "",
      "name": "D:/LaserForge/ui-audit-20260921/src/ui/laser/super-console/SuperConsoleDialog.test.tsx"
    },
    {
      "assertionResults": [
        {
          "ancestorTitles": ["SuperConsoleSettingsPane"],
          "fullName": "SuperConsoleSettingsPane distinguishes generic runways from the Neotronics-qualified fill policy",
          "status": "passed",
          "title": "distinguishes generic runways from the Neotronics-qualified fill policy",
          "duration": 117.47940000000017,
          "failureMessages": [],
          "meta": {},
          "tags": []
        },
        {
          "ancestorTitles": ["SuperConsoleSettingsPane"],
          "fullName": "SuperConsoleSettingsPane auto-reads settings exactly once when connected",
          "status": "passed",
          "title": "auto-reads settings exactly once when connected",
          "duration": 46.98849999999993,
          "failureMessages": [],
          "meta": {},
          "tags": []
        },
        {
          "ancestorTitles": ["SuperConsoleSettingsPane"],
          "fullName": "SuperConsoleSettingsPane does not auto-read while disconnected and says why",
          "status": "passed",
          "title": "does not auto-read while disconnected and says why",
          "duration": 28.615400000000136,
          "failureMessages": [],
          "meta": {},
          "tags": []
        },
        {
          "ancestorTitles": ["SuperConsoleSettingsPane"],
          "fullName": "SuperConsoleSettingsPane reuses a current-session settings read instead of issuing a duplicate query",
          "status": "passed",
          "title": "reuses a current-session settings read instead of issuing a duplicate query",
          "duration": 77.94409999999971,
          "failureMessages": [],
          "meta": {},
          "tags": []
        },
        {
          "ancestorTitles": ["SuperConsoleSettingsPane"],
          "fullName": "SuperConsoleSettingsPane waits while busy without dispatching or mutating the global error state",
          "status": "passed",
          "title": "waits while busy without dispatching or mutating the global error state",
          "duration": 29.71100000000024,
          "failureMessages": [],
          "meta": {},
          "tags": []
        },
        {
          "ancestorTitles": ["SuperConsoleSettingsPane"],
          "fullName": "SuperConsoleSettingsPane waits for a console-owned settings read without dispatching a duplicate query",
          "status": "passed",
          "title": "waits for a console-owned settings read without dispatching a duplicate query",
          "duration": 20.18679999999995,
          "failureMessages": [],
          "meta": {},
          "tags": []
        },
        {
          "ancestorTitles": ["SuperConsoleSettingsPane"],
          "fullName": "SuperConsoleSettingsPane dispatches once when a busy controller becomes Idle",
          "status": "passed",
          "title": "dispatches once when a busy controller becomes Idle",
          "duration": 44.78369999999995,
          "failureMessages": [],
          "meta": {},
          "tags": []
        },
        {
          "ancestorTitles": ["SuperConsoleSettingsPane"],
          "fullName": "SuperConsoleSettingsPane surfaces an unexpected rejected auto-read inline instead of hiding it",
          "status": "passed",
          "title": "surfaces an unexpected rejected auto-read inline instead of hiding it",
          "duration": 58.95080000000007,
          "failureMessages": [],
          "meta": {},
          "tags": []
        },
        {
          "ancestorTitles": ["SuperConsoleSettingsPane"],
          "fullName": "SuperConsoleSettingsPane ignores completion from an earlier controller session",
          "status": "passed",
          "title": "ignores completion from an earlier controller session",
          "duration": 48.04989999999998,
          "failureMessages": [],
          "meta": {},
          "tags": []
        },
        {
          "ancestorTitles": ["SuperConsoleSettingsPane"],
          "fullName": "SuperConsoleSettingsPane does not impose an inline minimum width on the responsive settings pane",
          "status": "passed",
          "title": "does not impose an inline minimum width on the responsive settings pane",
          "duration": 39.40719999999965,
          "failureMessages": [],
          "meta": {},
          "tags": []
        }
      ],
      "startTime": 1790004271288,
      "endTime": 1790004271800.4072,
      "status": "passed",
      "message": "",
      "name": "D:/LaserForge/ui-audit-20260921/src/ui/laser/super-console/SuperConsoleSettingsPane.test.tsx"
    },
    {
      "assertionResults": [
        {
          "ancestorTitles": ["SuperConsoleSnapshotCompare"],
          "fullName": "SuperConsoleSnapshotCompare exports the current readback with an operator machine label",
          "status": "passed",
          "title": "exports the current readback with an operator machine label",
          "duration": 99.97429999999986,
          "failureMessages": [],
          "meta": {},
          "tags": []
        },
        {
          "ancestorTitles": ["SuperConsoleSnapshotCompare"],
          "fullName": "SuperConsoleSnapshotCompare loads two files and compares axis values without a quality verdict",
          "status": "passed",
          "title": "loads two files and compares axis values without a quality verdict",
          "duration": 57.52210000000014,
          "failureMessages": [],
          "meta": {},
          "tags": []
        }
      ],
      "startTime": 1790004505337,
      "endTime": 1790004505495.5222,
      "status": "passed",
      "message": "",
      "name": "D:/LaserForge/ui-audit-20260921/src/ui/laser/super-console/SuperConsoleSnapshotCompare.test.tsx"
    }
  ]
}
