{
  "numTotalTestSuites": 4,
  "numPassedTestSuites": 4,
  "numFailedTestSuites": 0,
  "numPendingTestSuites": 0,
  "numTotalTests": 7,
  "numPassedTests": 2,
  "numFailedTests": 0,
  "numPendingTests": 5,
  "numTodoTests": 0,
  "snapshot": {
    "added": 0,
    "failure": false,
    "filesAdded": 0,
    "filesRemoved": 0,
    "filesRemovedList": [],
    "filesUnmatched": 0,
    "filesUpdated": 0,
    "matched": 0,
    "total": 0,
    "unchecked": 0,
    "uncheckedKeysByFile": [],
    "unmatched": 0,
    "updated": 0,
    "didUpdate": false
  },
  "startTime": 1790009297564,
  "success": true,
  "testResults": [
    {
      "assertionResults": [
        {
          "ancestorTitles": ["machine setup navigation without parent callbacks"],
          "fullName": "machine setup navigation without parent callbacks opens homing configuration while disconnected instead of silently doing nothing",
          "status": "skipped",
          "title": "opens homing configuration while disconnected instead of silently doing nothing",
          "failureMessages": [],
          "meta": {},
          "tags": []
        },
        {
          "ancestorTitles": ["machine setup navigation without parent callbacks"],
          "fullName": "machine setup navigation without parent callbacks opens the autofocus page with its field highlighted",
          "status": "passed",
          "title": "opens the autofocus page with its field highlighted",
          "duration": 475.53839999999946,
          "failureMessages": [],
          "meta": {},
          "tags": []
        },
        {
          "ancestorTitles": ["machine setup navigation without parent callbacks"],
          "fullName": "machine setup navigation without parent callbacks still refuses setup edits during an active Frame",
          "status": "skipped",
          "title": "still refuses setup edits during an active Frame",
          "failureMessages": [],
          "meta": {},
          "tags": []
        }
      ],
      "startTime": 1790009328756,
      "endTime": 1790009329231.5383,
      "status": "passed",
      "message": "",
      "name": "D:/LaserForge/ui-audit-20260921/src/ui/laser/JobControls.setup-navigation.test.tsx"
    },
    {
      "assertionResults": [
        {
          "ancestorTitles": ["three-stage Machine Setup integration audit"],
          "fullName": "three-stage Machine Setup integration audit stepper and footer retain a draft through Back, save once, and cancel later edits without controller calls",
          "status": "skipped",
          "title": "stepper and footer retain a draft through Back, save once, and cancel later edits without controller calls",
          "failureMessages": [],
          "meta": {},
          "tags": []
        },
        {
          "ancestorTitles": ["three-stage Machine Setup integration audit"],
          "fullName": "three-stage Machine Setup integration audit all new stage and review disclosures open and close without changing the hybrid draft or live project",
          "status": "skipped",
          "title": "all new stage and review disclosures open and close without changing the hybrid draft or live project",
          "failureMessages": [],
          "meta": {},
          "tags": []
        },
        {
          "ancestorTitles": ["three-stage Machine Setup integration audit"],
          "fullName": "three-stage Machine Setup integration audit all machine capability and active-toolhead radios update only the real setup reducer",
          "status": "passed",
          "title": "all machine capability and active-toolhead radios update only the real setup reducer",
          "duration": 203.7430000000022,
          "failureMessages": [],
          "meta": {},
          "tags": []
        },
        {
          "ancestorTitles": ["three-stage Machine Setup integration audit"],
          "fullName": "three-stage Machine Setup integration audit Browse all and profile details preserve the draft, while Use profile changes only the chosen draft profile",
          "status": "skipped",
          "title": "Browse all and profile details preserve the draft, while Use profile changes only the chosen draft profile",
          "failureMessages": [],
          "meta": {},
          "tags": []
        }
      ],
      "startTime": 1790009318943,
      "endTime": 1790009319146.743,
      "status": "passed",
      "message": "",
      "name": "D:/LaserForge/ui-audit-20260921/src/ui/laser/MachineSetupStages.audit.test.tsx"
    }
  ]
}
